<?xml version="1.0" encoding="UTF-8"?>
<!-- Generated by org.testng.reporters.JUnitReportReporter -->
<testsuite hostname="LAPTOP-IR2R7PQ0" failures="0" tests="1" name="Tests.TestTwo" time="0.012" errors="0" timestamp="2023-04-17T23:33:16 IST" skipped="0">
  <testcase classname="Tests.TestTwo" name="testTwo" time="0.012"/>
  <system-out/>
</testsuite> <!-- Tests.TestTwo -->
