<?xml version="1.0" encoding="UTF-8"?>
<!-- Generated by org.testng.reporters.JUnitReportReporter -->
<testsuite hostname="LAPTOP-IR2R7PQ0" failures="0" tests="3" name="Tests.Login" time="42.084" errors="0" timestamp="2023-04-17T23:02:02 IST" skipped="0">
  <testcase classname="Tests.Login" name="login" time="8.398"/>
  <system-out/>
  <testcase classname="Tests.Login" name="login" time="16.808"/>
  <system-out/>
  <testcase classname="Tests.Login" name="login" time="16.878"/>
  <system-out/>
</testsuite> <!-- Tests.Login -->
