<?xml version="1.0" encoding="UTF-8"?>
<!-- Generated by org.testng.reporters.JUnitReportReporter -->
<testsuite hostname="LAPTOP-IR2R7PQ0" failures="0" tests="3" name="Tests.Login" time="48.103" errors="0" timestamp="2023-04-17T18:44:45 IST" skipped="0">
  <testcase classname="Tests.Login" name="login" time="8.347"/>
  <system-out/>
  <testcase classname="Tests.Login" name="login" time="20.825"/>
  <system-out/>
  <testcase classname="Tests.Login" name="login" time="18.931"/>
  <system-out/>
</testsuite> <!-- Tests.Login -->
